[debug] [2024-10-23T22:06:44.987Z] ----------------------------------------------------------------------
[debug] [2024-10-23T22:06:44.990Z] Command:       C:\Program Files\nodejs\node.exe C:\Users\gjdnd\AppData\Roaming\npm\node_modules\firebase-tools\lib\bin\firebase.js init
[debug] [2024-10-23T22:06:44.990Z] CLI Version:   13.23.0
[debug] [2024-10-23T22:06:44.991Z] Platform:      win32
[debug] [2024-10-23T22:06:44.991Z] Node Version:  v21.4.0
[debug] [2024-10-23T22:06:44.991Z] Time:          Wed Oct 23 2024 16:06:44 GMT-0600 (Mountain Daylight Time)
[debug] [2024-10-23T22:06:44.991Z] ----------------------------------------------------------------------
[debug] 
[debug] [2024-10-23T22:06:45.000Z] > command requires scopes: ["email","openid","https://www.googleapis.com/auth/cloudplatformprojects.readonly","https://www.googleapis.com/auth/firebase","https://www.googleapis.com/auth/cloud-platform"]
[debug] [2024-10-23T22:06:45.001Z] > authorizing via signed-in user (wohu8292@gmail.com)
[info] 
     ######## #### ########  ######## ########     ###     ######  ########
     ##        ##  ##     ## ##       ##     ##  ##   ##  ##       ##
     ######    ##  ########  ######   ########  #########  ######  ######
     ##        ##  ##    ##  ##       ##     ## ##     ##       ## ##
     ##       #### ##     ## ######## ########  ##     ##  ######  ########

You're about to initialize a Firebase project in this directory:

  C:\Users\gjdnd\Desktop\Instagram_clone_project\instagram_clone

[info] 
=== Project Setup
[info] 
[info] First, let's associate this project directory with a Firebase project.
[info] You can create multiple project aliases by running firebase use --add, 
[info] but for now we'll just set up a default project.
[info] 
[debug] [2024-10-23T22:06:56.563Z] Checked if tokens are valid: true, expires at: 1729722136594
[debug] [2024-10-23T22:06:56.563Z] Checked if tokens are valid: true, expires at: 1729722136594
[debug] [2024-10-23T22:06:56.565Z] >>> [apiv2][query] GET https://firebase.googleapis.com/v1beta1/projects pageSize=100
[debug] [2024-10-23T22:06:56.801Z] <<< [apiv2][status] GET https://firebase.googleapis.com/v1beta1/projects 200
[debug] [2024-10-23T22:06:56.801Z] <<< [apiv2][body] GET https://firebase.googleapis.com/v1beta1/projects [omitted]
[info] i  Using project instagram-clone-bb74b (instagram-clone) 
[info] 
=== Hosting Setup
[debug] [2024-10-23T22:07:00.329Z] Checked if tokens are valid: true, expires at: 1729722136594
[debug] [2024-10-23T22:07:00.329Z] Checked if tokens are valid: true, expires at: 1729722136594
[debug] [2024-10-23T22:07:00.330Z] >>> [apiv2][query] GET https://firebase.googleapis.com/v1beta1/projects/instagram-clone-bb74b [none]
[debug] [2024-10-23T22:07:00.441Z] <<< [apiv2][status] GET https://firebase.googleapis.com/v1beta1/projects/instagram-clone-bb74b 200
[debug] [2024-10-23T22:07:00.441Z] <<< [apiv2][body] GET https://firebase.googleapis.com/v1beta1/projects/instagram-clone-bb74b {"projectId":"instagram-clone-bb74b","projectNumber":"460865357951","displayName":"instagram-clone","name":"projects/instagram-clone-bb74b","resources":{"hostingSite":"instagram-clone-bb74b"},"state":"ACTIVE","etag":"1_98660fc5-2d48-4b3a-afb6-7f0911ca0dcc"}
[info] 
[info] Your public directory is the folder (relative to your project directory) that
[info] will contain Hosting assets to be uploaded with firebase deploy. If you
[info] have a build process for your assets, use your build's output directory.
[info] 
